#
# A fatal error has been detected by the Java Runtime Environment:
#
#  SIGSEGV (0xb) at pc=0x00007f7feeda1188, pid=23859, tid=0x00007f8032330700
#
# JRE version: Java(TM) SE Runtime Environment (8.0_144-b01) (build 1.8.0_144-b01)
# Java VM: Java HotSpot(TM) 64-Bit Server VM (25.144-b01 mixed mode linux-amd64 compressed oops)
# Problematic frame:
# C  [libX11.so.6+0x59188]
#
# Failed to write core dump. Core dumps have been disabled. To enable core dumping, try "ulimit -c unlimited" before starting Java again
#
# If you would like to submit a bug report, please visit:
#   http://bugreport.java.com/bugreport/crash.jsp
# The crash happened outside the Java Virtual Machine in native code.
# See problematic frame for where to report the bug.
#

---------------  T H R E A D  ---------------

Current thread (0x00007f802c009800):  JavaThread "main" [_thread_in_native, id=23865, stack(0x00007f8032230000,0x00007f8032331000)]

siginfo: si_signo: 11 (SIGSEGV), si_code: 1 (SEGV_MAPERR), si_addr: 0x0000000000000050

Registers:
RAX=0x0000000000000000, RBX=0x00007f802c236458, RCX=0x00007f7feedfa0d9, RDX=0x00007f802c236450
RSP=0x00007f803232cf50, RBP=0x00007f802c236450, RSI=0x00007f7fef07ef20, RDI=0x00007f802c236458
R8 =0x00007f802c242250, R9 =0x00007f802c248010, R10=0x00007f802c248010, R11=0x0000000000000067
R12=0x00007f802c236450, R13=0x0000000000000143, R14=0x00007f802c236450, R15=0x0000000000000146
RIP=0x00007f7feeda1188, EFLAGS=0x0000000000010206, CSGSFS=0x0000000000000033, ERR=0x0000000000000004
  TRAPNO=0x000000000000000e

Top of Stack: (sp=0x00007f803232cf50)
0x00007f803232cf50:   00007f7fef081a38 00007f802c000020
0x00007f803232cf60:   0000000000000010 0000000000075710
0x00007f803232cf70:   00007f802c8a98f0 00007f7fef07ef20
0x00007f803232cf80:   0000000000000146 00007f802c242480
0x00007f803232cf90:   00007f802c236450 00007f802c236450
0x00007f803232cfa0:   0000000000000143 00007f802c236450
0x00007f803232cfb0:   0000000000000146 00007f7feed950a7
0x00007f803232cfc0:   00000000000000ff 00007f802c819893
0x00007f803232cfd0:   00007f802c819893 00007f803232d430
0x00007f803232cfe0:   00000000000000ff 00007f802c818300
0x00007f803232cff0:   00007f802c819ce0 00007f7feed9b7a2
0x00007f803232d000:   0000007e00000000 00007f802c819896
0x00007f803232d010:   00007f803232d214 e750398a56582e00
0x00007f803232d020:   0000000001001137 0000000001001137
0x00007f803232d030:   00007f802c819893 00007f803232d430
0x00007f803232d040:   00007f803232d210 00007f7feedaf721
0x00007f803232d050:   00007f803232d0b8 00007f802c8a94fc
0x00007f803232d060:   00007f8000000000